Using pre-set license
Built from '2021.3/staging' branch; Version is '2021.3.30f1 (b4360d7cdac4) revision 11810317'; Using compiler version '192829333'; Build Type 'Release'
OS: 'Windows 10  (10.0.19045) 64bit Professional' Language: 'en' Physical Memory: 32509 MB
BatchMode: 1, IsHumanControllingUs: 0, StartBugReporterOnCrash: 0, Is64bit: 1, IsPro: 1

COMMAND LINE ARGUMENTS:
C:\Program Files\Unity\Hub\Editor\2021.3.30f1\Editor\Unity.exe
-adb2
-batchMode
-noUpm
-name
AssetImportWorker0
-projectPath
C:/Users/Rishi/OneDrive/Documents/GH-Rep/Final_GamesProject_24
-logFile
Logs/AssetImportWorker0.log
-srvPort
55323
Successfully changed project path to: C:/Users/Rishi/OneDrive/Documents/GH-Rep/Final_GamesProject_24
C:/Users/Rishi/OneDrive/Documents/GH-Rep/Final_GamesProject_24
[UnityMemory] Configuration Parameters - Can be set up in boot.config
    "memorysetup-bucket-allocator-granularity=16"
    "memorysetup-bucket-allocator-bucket-count=8"
    "memorysetup-bucket-allocator-block-size=33554432"
    "memorysetup-bucket-allocator-block-count=8"
    "memorysetup-main-allocator-block-size=16777216"
    "memorysetup-thread-allocator-block-size=16777216"
    "memorysetup-gfx-main-allocator-block-size=16777216"
    "memorysetup-gfx-thread-allocator-block-size=16777216"
    "memorysetup-cache-allocator-block-size=4194304"
    "memorysetup-typetree-allocator-block-size=2097152"
    "memorysetup-profiler-bucket-allocator-granularity=16"
    "memorysetup-profiler-bucket-allocator-bucket-count=8"
    "memorysetup-profiler-bucket-allocator-block-size=33554432"
    "memorysetup-profiler-bucket-allocator-block-count=8"
    "memorysetup-profiler-allocator-block-size=16777216"
    "memorysetup-profiler-editor-allocator-block-size=1048576"
    "memorysetup-temp-allocator-size-main=16777216"
    "memorysetup-job-temp-allocator-block-size=2097152"
    "memorysetup-job-temp-allocator-block-size-background=1048576"
    "memorysetup-job-temp-allocator-reduction-small-platforms=262144"
    "memorysetup-temp-allocator-size-background-worker=32768"
    "memorysetup-temp-allocator-size-job-worker=262144"
    "memorysetup-temp-allocator-size-preload-manager=33554432"
    "memorysetup-temp-allocator-size-nav-mesh-worker=65536"
    "memorysetup-temp-allocator-size-audio-worker=65536"
    "memorysetup-temp-allocator-size-cloud-worker=32768"
    "memorysetup-temp-allocator-size-gi-baking-worker=262144"
    "memorysetup-temp-allocator-size-gfx=262144"
Player connection [12116] Host "[IP] 10.0.0.152 [Port] 0 [Flags] 2 [Guid] 2257046116 [EditorId] 2257046116 [Version] 1048832 [Id] WindowsEditor(7,DESKTOP-ED3MJL6) [Debug] 1 [PackageName] WindowsEditor [ProjectName] Editor" joined multi-casting on [225.0.0.222:54997]...

Player connection [12116] Host "[IP] 10.0.0.152 [Port] 0 [Flags] 2 [Guid] 2257046116 [EditorId] 2257046116 [Version] 1048832 [Id] WindowsEditor(7,DESKTOP-ED3MJL6) [Debug] 1 [PackageName] WindowsEditor [ProjectName] Editor" joined alternative multi-casting on [225.0.0.222:34997]...

[Physics::Module] Initialized MultithreadedJobDispatcher with {0} workers.
Refreshing native plugins compatible for Editor in 74.33 ms, found 3 plugins.
Preloading 0 native plugins for Editor in 0.00 ms.
Initialize engine version: 2021.3.30f1 (b4360d7cdac4)
[Subsystems] Discovering subsystems at path C:/Program Files/Unity/Hub/Editor/2021.3.30f1/Editor/Data/Resources/UnitySubsystems
[Subsystems] Discovering subsystems at path C:/Users/Rishi/OneDrive/Documents/GH-Rep/Final_GamesProject_24/Assets
GfxDevice: creating device client; threaded=0; jobified=0
Direct3D:
    Version:  Direct3D 11.0 [level 11.1]
    Renderer: NVIDIA GeForce RTX 3090 Ti (ID=0x2203)
    Vendor:   NVIDIA
    VRAM:     24327 MB
    Driver:   31.0.15.3667
Initialize mono
Mono path[0] = 'C:/Program Files/Unity/Hub/Editor/2021.3.30f1/Editor/Data/Managed'
Mono path[1] = 'C:/Program Files/Unity/Hub/Editor/2021.3.30f1/Editor/Data/MonoBleedingEdge/lib/mono/unityjit-win32'
Mono config path = 'C:/Program Files/Unity/Hub/Editor/2021.3.30f1/Editor/Data/MonoBleedingEdge/etc'
Using monoOptions --debugger-agent=transport=dt_socket,embedding=1,server=y,suspend=n,address=127.0.0.1:56856
Begin MonoManager ReloadAssembly
Registering precompiled unity dll's ...
Register platform support module: C:/Program Files/Unity/Hub/Editor/2021.3.30f1/Editor/Data/PlaybackEngines/WebGLSupport/UnityEditor.WebGL.Extensions.dll
Register platform support module: C:/Program Files/Unity/Hub/Editor/2021.3.30f1/Editor/Data/PlaybackEngines/WindowsStandaloneSupport/UnityEditor.WindowsStandalone.Extensions.dll
Register platform support module: C:/Program Files/Unity/Hub/Editor/2021.3.30f1/Editor/Data/PlaybackEngines/MetroSupport/UnityEditor.UWP.Extensions.dll
Registered in 0.010940 seconds.
Native extension for UWP target not found
Native extension for WindowsStandalone target not found
Native extension for WebGL target not found
Refreshing native plugins compatible for Editor in 74.81 ms, found 3 plugins.
Preloading 0 native plugins for Editor in 0.00 ms.
Mono: successfully reloaded assembly
- Completed reload, in  0.642 seconds
Domain Reload Profiling:
	ReloadAssembly (643ms)
		BeginReloadAssembly (99ms)
			ExecutionOrderSort (0ms)
			DisableScriptedObjects (0ms)
			BackupInstance (0ms)
			ReleaseScriptingObjects (0ms)
			CreateAndSetChildDomain (1ms)
		EndReloadAssembly (441ms)
			LoadAssemblies (97ms)
			RebuildTransferFunctionScriptingTraits (0ms)
			SetupTypeCache (98ms)
			ReleaseScriptCaches (0ms)
			RebuildScriptCaches (26ms)
			SetupLoadedEditorAssemblies (275ms)
				LogAssemblyErrors (0ms)
				InitializePlatformSupportModulesInManaged (12ms)
				SetLoadedEditorAssemblies (0ms)
				RefreshPlugins (75ms)
				BeforeProcessingInitializeOnLoad (1ms)
				ProcessInitializeOnLoadAttributes (139ms)
				ProcessInitializeOnLoadMethodAttributes (48ms)
				AfterProcessingInitializeOnLoad (0ms)
				EditorAssembliesLoaded (0ms)
			ExecutionOrderSort2 (0ms)
			AwakeInstancesAfterBackupRestoration (0ms)
Platform modules already initialized, skipping
Registering precompiled user dll's ...
Registered in 0.005046 seconds.
Begin MonoManager ReloadAssembly
Native extension for UWP target not found
Native extension for WindowsStandalone target not found
Native extension for WebGL target not found
Refreshing native plugins compatible for Editor in 0.51 ms, found 3 plugins.
Preloading 0 native plugins for Editor in 0.00 ms.
Package Manager log level set to [2]
[Package Manager] Server::EnsureServerProcessIsRunning -- launch failed, reason: Unity was launched with the -noUpm command-line argument
[Package Manager] Cannot connect to Unity Package Manager local server
Mono: successfully reloaded assembly
- Completed reload, in  1.391 seconds
Domain Reload Profiling:
	ReloadAssembly (1392ms)
		BeginReloadAssembly (116ms)
			ExecutionOrderSort (0ms)
			DisableScriptedObjects (6ms)
			BackupInstance (0ms)
			ReleaseScriptingObjects (0ms)
			CreateAndSetChildDomain (15ms)
		EndReloadAssembly (1160ms)
			LoadAssemblies (89ms)
			RebuildTransferFunctionScriptingTraits (0ms)
			SetupTypeCache (256ms)
			ReleaseScriptCaches (1ms)
			RebuildScriptCaches (50ms)
			SetupLoadedEditorAssemblies (739ms)
				LogAssemblyErrors (0ms)
				InitializePlatformSupportModulesInManaged (9ms)
				SetLoadedEditorAssemblies (0ms)
				RefreshPlugins (1ms)
				BeforeProcessingInitializeOnLoad (85ms)
				ProcessInitializeOnLoadAttributes (612ms)
				ProcessInitializeOnLoadMethodAttributes (20ms)
				AfterProcessingInitializeOnLoad (11ms)
				EditorAssembliesLoaded (0ms)
			ExecutionOrderSort2 (0ms)
			AwakeInstancesAfterBackupRestoration (7ms)
Platform modules already initialized, skipping
========================================================================
Worker process is ready to serve import requests
Launched and connected shader compiler UnityShaderCompiler.exe after 0.03 seconds
Refreshing native plugins compatible for Editor in 0.38 ms, found 3 plugins.
Preloading 0 native plugins for Editor in 0.00 ms.
Unloading 3513 Unused Serialized files (Serialized files now loaded: 0)
Unloading 23 unused Assets / (108.7 KB). Loaded Objects now: 3975.
Memory consumption went from 130.0 MB to 129.9 MB.
Total: 1.807600 ms (FindLiveObjects: 0.149600 ms CreateObjectMapping: 0.061900 ms MarkObjects: 1.528100 ms  DeleteObjects: 0.067400 ms)

AssetImportParameters requested are different than current active one (requested -> active):
  custom:video-decoder-ogg-theora: a1e56fd34408186e4bbccfd4996cb3dc -> 
  custom:container-muxer-webm: aa71ff27fc2769a1b78a27578f13a17b -> 
  custom:container-demuxer-webm: 4f35f7cbe854078d1ac9338744f61a02 -> 
  custom:video-encoder-webm-vp8: eb34c28f22e8b96e1ab97ce403110664 -> 
  custom:CustomObjectIndexerAttribute: bc11b3a6c3213fcdd17b65e7da85e133 -> 
  custom:audio-encoder-webm-vorbis: bf7c407c2cedff20999df2af8eb42d56 -> 
  custom:framework-win-MediaFoundation: 216162199b28c13a410421893ffa2e32 -> 
  custom:SearchIndexIgnoredProperties: e643bd26f0fe6173181afceb89e7c659 -> 
  custom:container-demuxer-ogg: 62fdf1f143b41e24485cea50d1cbac27 -> 
  custom:video-decoder-webm-vp8: 9c59270c3fd7afecdb556c50c9e8de78 -> 
  custom:audio-decoder-ogg-vorbis: bf7c407c2cedff20999df2af8eb42d56 -> 
========================================================================
Received Import Request.
  Time since last request: 389894.659480 seconds.
  path: Assets/Combat_Sys/DemoScenes/TestScene.unity
  artifactKey: Guid(910b267368b1b5c44bad938191cdf8ff) Importer(815301076,1909f56bfc062723c751e8b465ee728b)
Number of updated assets reloaded before import = 0
Start importing Assets/Combat_Sys/DemoScenes/TestScene.unity using Guid(910b267368b1b5c44bad938191cdf8ff) Importer(815301076,1909f56bfc062723c751e8b465ee728b)  -> (artifact id: '3c23eef5b3b320274506b216ca2a654e') in 0.011085 seconds 
Number of asset objects unloaded after import = 0
========================================================================
Received Import Request.
  Time since last request: 0.000035 seconds.
  path: Assets/Combat_Sys/DemoScenes/TestScene/NavMesh.asset
  artifactKey: Guid(3a52f61be70e425409bcda78b9e034ae) Importer(815301076,1909f56bfc062723c751e8b465ee728b)
Number of updated assets reloaded before import = 0
Start importing Assets/Combat_Sys/DemoScenes/TestScene/NavMesh.asset using Guid(3a52f61be70e425409bcda78b9e034ae) Importer(815301076,1909f56bfc062723c751e8b465ee728b)  -> (artifact id: 'adc9904982d034a59b2e27550d0d4622') in 0.021698 seconds 
Number of asset objects unloaded after import = 1
========================================================================
Received Import Request.
  Time since last request: 11.144494 seconds.
  path: Assets/Scenes/SampleScene.unity
  artifactKey: Guid(9fc0d4010bbf28b4594072e72b8655ab) Importer(815301076,1909f56bfc062723c751e8b465ee728b)
Number of updated assets reloaded before import = 0
Start importing Assets/Scenes/SampleScene.unity using Guid(9fc0d4010bbf28b4594072e72b8655ab) Importer(815301076,1909f56bfc062723c751e8b465ee728b)  -> (artifact id: '0fb48f3034b877d6a68ef2e0c0a760f1') in 0.007454 seconds 
Number of asset objects unloaded after import = 0
========================================================================
Received Import Request.
  Time since last request: 2.438928 seconds.
  path: Assets/Scenes/New Scene.unity
  artifactKey: Guid(2802ca004afaef84b8abb5c28fb2a1ab) Importer(815301076,1909f56bfc062723c751e8b465ee728b)
Number of updated assets reloaded before import = 0
Start importing Assets/Scenes/New Scene.unity using Guid(2802ca004afaef84b8abb5c28fb2a1ab) Importer(815301076,1909f56bfc062723c751e8b465ee728b)  -> (artifact id: 'fda4d5b5d6c94a0d2730bba884504820') in 0.008390 seconds 
Number of asset objects unloaded after import = 0
========================================================================
Received Import Request.
  Time since last request: 4.955789 seconds.
  path: Assets/SwapLevel/Scenes/CharacteSelection/NavMesh.asset
  artifactKey: Guid(459d6c2bc4475e24f86b16ea9a021882) Importer(815301076,1909f56bfc062723c751e8b465ee728b)
Number of updated assets reloaded before import = 0
Start importing Assets/SwapLevel/Scenes/CharacteSelection/NavMesh.asset using Guid(459d6c2bc4475e24f86b16ea9a021882) Importer(815301076,1909f56bfc062723c751e8b465ee728b)  -> (artifact id: 'd87885d7094e23134ea35c66fb06aefe') in 0.002377 seconds 
Number of asset objects unloaded after import = 1
========================================================================
Received Import Request.
  Time since last request: 1.449358 seconds.
  path: Assets/SwapLevel/Scenes/CharacteSelection.unity
  artifactKey: Guid(f46ba9f711851b94d97cfaf971e5a32b) Importer(815301076,1909f56bfc062723c751e8b465ee728b)
Number of updated assets reloaded before import = 0
Start importing Assets/SwapLevel/Scenes/CharacteSelection.unity using Guid(f46ba9f711851b94d97cfaf971e5a32b) Importer(815301076,1909f56bfc062723c751e8b465ee728b)  -> (artifact id: '4a6704bac82fb7144c1116d45d8c76a2') in 0.007537 seconds 
Number of asset objects unloaded after import = 0
========================================================================
Received Import Request.
  Time since last request: 52.266071 seconds.
  path: Assets/SwapLevel/Level Design Prefabs/MainPath.prefab
  artifactKey: Guid(ecfed9b019543b84b900b0425476bf94) Importer(815301076,1909f56bfc062723c751e8b465ee728b)
Number of updated assets reloaded before import = 0
Start importing Assets/SwapLevel/Level Design Prefabs/MainPath.prefab using Guid(ecfed9b019543b84b900b0425476bf94) Importer(815301076,1909f56bfc062723c751e8b465ee728b)  -> (artifact id: '299a94f9e00ee4b33e1b5b0a8edde797') in 0.105939 seconds 
Number of asset objects unloaded after import = 10
========================================================================
Received Import Request.
  Time since last request: 6.446320 seconds.
  path: Assets/Materials/Floor.mat
  artifactKey: Guid(e77555c8b4f205d49ab9bb58862bf780) Importer(815301076,1909f56bfc062723c751e8b465ee728b)
Number of updated assets reloaded before import = 0
Start importing Assets/Materials/Floor.mat using Guid(e77555c8b4f205d49ab9bb58862bf780) Importer(815301076,1909f56bfc062723c751e8b465ee728b)  -> (artifact id: 'c9ca540d031d029b6f0d9df0c9b70989') in 0.043081 seconds 
Number of asset objects unloaded after import = 1
========================================================================
Received Import Request.
  Time since last request: 0.000017 seconds.
  path: Assets/Materials/Points.mat
  artifactKey: Guid(805296a9f36d34340855fe4b20fa2b39) Importer(815301076,1909f56bfc062723c751e8b465ee728b)
Number of updated assets reloaded before import = 0
Start importing Assets/Materials/Points.mat using Guid(805296a9f36d34340855fe4b20fa2b39) Importer(815301076,1909f56bfc062723c751e8b465ee728b)  -> (artifact id: 'ac1b20e3ee322c3f25d5475dc4cdeafc') in 0.025922 seconds 
Number of asset objects unloaded after import = 1
========================================================================
Received Import Request.
  Time since last request: 0.000016 seconds.
  path: Assets/Materials/Security_mat.mat
  artifactKey: Guid(7f330ce6ee1c5e9498c675c9a5a6ae62) Importer(815301076,1909f56bfc062723c751e8b465ee728b)
Number of updated assets reloaded before import = 0
Start importing Assets/Materials/Security_mat.mat using Guid(7f330ce6ee1c5e9498c675c9a5a6ae62) Importer(815301076,1909f56bfc062723c751e8b465ee728b)  -> (artifact id: 'c8601ecc76dccbd645b8fd2e3f9abde7') in 0.060331 seconds 
Number of asset objects unloaded after import = 1
========================================================================
Received Import Request.
  Time since last request: 8.886109 seconds.
  path: Assets/SwapLevel/Sci-Fi Texture Pack 1/Materials
  artifactKey: Guid(9a6b1c4b121a71c4dadc0d92596027be) Importer(815301076,1909f56bfc062723c751e8b465ee728b)
Number of updated assets reloaded before import = 0
Start importing Assets/SwapLevel/Sci-Fi Texture Pack 1/Materials using Guid(9a6b1c4b121a71c4dadc0d92596027be) Importer(815301076,1909f56bfc062723c751e8b465ee728b)  -> (artifact id: 'be3b2e9963e81b96d932aeea4bd7b020') in 0.007510 seconds 
Number of asset objects unloaded after import = 0
========================================================================
Received Import Request.
  Time since last request: 0.044742 seconds.
  path: Assets/SwapLevel/Sci-Fi Texture Pack 1/Materials/Texture_1.mat
  artifactKey: Guid(b3032fb7ef5e4c946a04badb3e3a410b) Importer(815301076,1909f56bfc062723c751e8b465ee728b)
Number of updated assets reloaded before import = 0
Start importing Assets/SwapLevel/Sci-Fi Texture Pack 1/Materials/Texture_1.mat using Guid(b3032fb7ef5e4c946a04badb3e3a410b) Importer(815301076,1909f56bfc062723c751e8b465ee728b)  -> (artifact id: '4681e08d9fae18aa54a4d4faa9110eeb') in 0.042978 seconds 
Number of asset objects unloaded after import = 4
========================================================================
Received Import Request.
  Time since last request: 0.000016 seconds.
  path: Assets/SwapLevel/Sci-Fi Texture Pack 1/Materials/Texture_3_Diffuse.mat
  artifactKey: Guid(74d5fe43b4950744db367849874eb47f) Importer(815301076,1909f56bfc062723c751e8b465ee728b)
Number of updated assets reloaded before import = 0
Start importing Assets/SwapLevel/Sci-Fi Texture Pack 1/Materials/Texture_3_Diffuse.mat using Guid(74d5fe43b4950744db367849874eb47f) Importer(815301076,1909f56bfc062723c751e8b465ee728b)  -> (artifact id: '4645e44dd2a51a100c7ca3e20e4d4c0e') in 0.032145 seconds 
Number of asset objects unloaded after import = 3
========================================================================
Received Import Request.
  Time since last request: 0.000020 seconds.
  path: Assets/SwapLevel/Sci-Fi Texture Pack 1/Materials/Texture_4_Diffuse 3.mat
  artifactKey: Guid(41cbf27114b41af4ba8b2cff270e0cd3) Importer(815301076,1909f56bfc062723c751e8b465ee728b)
Number of updated assets reloaded before import = 0
Start importing Assets/SwapLevel/Sci-Fi Texture Pack 1/Materials/Texture_4_Diffuse 3.mat using Guid(41cbf27114b41af4ba8b2cff270e0cd3) Importer(815301076,1909f56bfc062723c751e8b465ee728b)  -> (artifact id: '9984c86d690782650f0bd9b44d67673e') in 0.083955 seconds 
Number of asset objects unloaded after import = 3
========================================================================
Received Import Request.
  Time since last request: 0.000016 seconds.
  path: Assets/SwapLevel/Sci-Fi Texture Pack 1/Materials/Texture_4.mat
  artifactKey: Guid(4283a36cac30c364eb744bc838071691) Importer(815301076,1909f56bfc062723c751e8b465ee728b)
Number of updated assets reloaded before import = 0
Start importing Assets/SwapLevel/Sci-Fi Texture Pack 1/Materials/Texture_4.mat using Guid(4283a36cac30c364eb744bc838071691) Importer(815301076,1909f56bfc062723c751e8b465ee728b)  -> (artifact id: 'beb7a192c53494fbaa975f4b7406ee66') in 0.037336 seconds 
Number of asset objects unloaded after import = 1
========================================================================
Received Import Request.
  Time since last request: 0.000020 seconds.
  path: Assets/SwapLevel/Sci-Fi Texture Pack 1/Materials/Texture_4_Diffuse 1.mat
  artifactKey: Guid(5496a765bd90cd74697978d7d42412dc) Importer(815301076,1909f56bfc062723c751e8b465ee728b)
Number of updated assets reloaded before import = 0
Start importing Assets/SwapLevel/Sci-Fi Texture Pack 1/Materials/Texture_4_Diffuse 1.mat using Guid(5496a765bd90cd74697978d7d42412dc) Importer(815301076,1909f56bfc062723c751e8b465ee728b)  -> (artifact id: 'a6adca5f0ee40d6311b68eb227e5bb5e') in 0.013402 seconds 
Number of asset objects unloaded after import = 2
========================================================================
Received Import Request.
  Time since last request: 0.000022 seconds.
  path: Assets/SwapLevel/Sci-Fi Texture Pack 1/Materials/Texture_3_Specular.mat
  artifactKey: Guid(65ea38d30fbde4c46b1cda627b4819f6) Importer(815301076,1909f56bfc062723c751e8b465ee728b)
Number of updated assets reloaded before import = 0
Start importing Assets/SwapLevel/Sci-Fi Texture Pack 1/Materials/Texture_3_Specular.mat using Guid(65ea38d30fbde4c46b1cda627b4819f6) Importer(815301076,1909f56bfc062723c751e8b465ee728b)  -> (artifact id: '30696de6e92df4880ed7c5429840dc8a') in 0.015814 seconds 
Number of asset objects unloaded after import = 2
========================================================================
Received Import Request.
  Time since last request: 0.000017 seconds.
  path: Assets/SwapLevel/Sci-Fi Texture Pack 1/Materials/Texture_4_Specular.mat
  artifactKey: Guid(754b9d88f0a53954a89ed3f9428f3b7c) Importer(815301076,1909f56bfc062723c751e8b465ee728b)
Number of updated assets reloaded before import = 0
Start importing Assets/SwapLevel/Sci-Fi Texture Pack 1/Materials/Texture_4_Specular.mat using Guid(754b9d88f0a53954a89ed3f9428f3b7c) Importer(815301076,1909f56bfc062723c751e8b465ee728b)  -> (artifact id: '9942b6e12a10735d174e6c3f16349748') in 0.015770 seconds 
Number of asset objects unloaded after import = 2
========================================================================
Received Import Request.
  Time since last request: 0.000021 seconds.
  path: Assets/SwapLevel/Sci-Fi Texture Pack 1/Materials/Texture_5.mat
  artifactKey: Guid(8aac9c1af5caf8341a4ae0e89cdf3317) Importer(815301076,1909f56bfc062723c751e8b465ee728b)
Number of updated assets reloaded before import = 0
Start importing Assets/SwapLevel/Sci-Fi Texture Pack 1/Materials/Texture_5.mat using Guid(8aac9c1af5caf8341a4ae0e89cdf3317) Importer(815301076,1909f56bfc062723c751e8b465ee728b)  -> (artifact id: '2a72a9e7cd10e33dd7b35bb11d7a07aa') in 0.019828 seconds 
Number of asset objects unloaded after import = 4
========================================================================
Received Import Request.
  Time since last request: 0.000017 seconds.
  path: Assets/SwapLevel/Sci-Fi Texture Pack 1/Materials/Texture_4_Emission.mat
  artifactKey: Guid(303788b382f391e40b660418a08fd96e) Importer(815301076,1909f56bfc062723c751e8b465ee728b)
Number of updated assets reloaded before import = 0
Start importing Assets/SwapLevel/Sci-Fi Texture Pack 1/Materials/Texture_4_Emission.mat using Guid(303788b382f391e40b660418a08fd96e) Importer(815301076,1909f56bfc062723c751e8b465ee728b)  -> (artifact id: '8e684ad97d96330014bcaeea007a0237') in 0.013575 seconds 
Number of asset objects unloaded after import = 2
Editor requested this worker to shutdown with reason: Scaling down because of idle timeout
AssetImportWorker is now disconnected from the server
Process exiting
Exiting without the bug reporter. Application will terminate with return code 0