Using pre-set license
Built from '2021.3/staging' branch; Version is '2021.3.30f1 (b4360d7cdac4) revision 11810317'; Using compiler version '192829333'; Build Type 'Release'
OS: 'Windows 10  (10.0.19045) 64bit Professional' Language: 'en' Physical Memory: 32509 MB
BatchMode: 1, IsHumanControllingUs: 0, StartBugReporterOnCrash: 0, Is64bit: 1, IsPro: 1

COMMAND LINE ARGUMENTS:
C:\Program Files\Unity\Hub\Editor\2021.3.30f1\Editor\Unity.exe
-adb2
-batchMode
-noUpm
-name
AssetImportWorker1
-projectPath
C:/Users/Rishi/OneDrive/Documents/GH-Rep/Final_GamesProject_24
-logFile
Logs/AssetImportWorker1.log
-srvPort
55323
Successfully changed project path to: C:/Users/Rishi/OneDrive/Documents/GH-Rep/Final_GamesProject_24
C:/Users/Rishi/OneDrive/Documents/GH-Rep/Final_GamesProject_24
[UnityMemory] Configuration Parameters - Can be set up in boot.config
    "memorysetup-bucket-allocator-granularity=16"
    "memorysetup-bucket-allocator-bucket-count=8"
    "memorysetup-bucket-allocator-block-size=33554432"
    "memorysetup-bucket-allocator-block-count=8"
    "memorysetup-main-allocator-block-size=16777216"
    "memorysetup-thread-allocator-block-size=16777216"
    "memorysetup-gfx-main-allocator-block-size=16777216"
    "memorysetup-gfx-thread-allocator-block-size=16777216"
    "memorysetup-cache-allocator-block-size=4194304"
    "memorysetup-typetree-allocator-block-size=2097152"
    "memorysetup-profiler-bucket-allocator-granularity=16"
    "memorysetup-profiler-bucket-allocator-bucket-count=8"
    "memorysetup-profiler-bucket-allocator-block-size=33554432"
    "memorysetup-profiler-bucket-allocator-block-count=8"
    "memorysetup-profiler-allocator-block-size=16777216"
    "memorysetup-profiler-editor-allocator-block-size=1048576"
    "memorysetup-temp-allocator-size-main=16777216"
    "memorysetup-job-temp-allocator-block-size=2097152"
    "memorysetup-job-temp-allocator-block-size-background=1048576"
    "memorysetup-job-temp-allocator-reduction-small-platforms=262144"
    "memorysetup-temp-allocator-size-background-worker=32768"
    "memorysetup-temp-allocator-size-job-worker=262144"
    "memorysetup-temp-allocator-size-preload-manager=33554432"
    "memorysetup-temp-allocator-size-nav-mesh-worker=65536"
    "memorysetup-temp-allocator-size-audio-worker=65536"
    "memorysetup-temp-allocator-size-cloud-worker=32768"
    "memorysetup-temp-allocator-size-gi-baking-worker=262144"
    "memorysetup-temp-allocator-size-gfx=262144"
Player connection [34396] Host "[IP] 10.0.0.152 [Port] 0 [Flags] 2 [Guid] 712842649 [EditorId] 712842649 [Version] 1048832 [Id] WindowsEditor(7,DESKTOP-ED3MJL6) [Debug] 1 [PackageName] WindowsEditor [ProjectName] Editor" joined multi-casting on [225.0.0.222:54997]...

Player connection [34396] Host "[IP] 10.0.0.152 [Port] 0 [Flags] 2 [Guid] 712842649 [EditorId] 712842649 [Version] 1048832 [Id] WindowsEditor(7,DESKTOP-ED3MJL6) [Debug] 1 [PackageName] WindowsEditor [ProjectName] Editor" joined alternative multi-casting on [225.0.0.222:34997]...

[Physics::Module] Initialized MultithreadedJobDispatcher with {0} workers.
Refreshing native plugins compatible for Editor in 75.21 ms, found 3 plugins.
Preloading 0 native plugins for Editor in 0.00 ms.
Initialize engine version: 2021.3.30f1 (b4360d7cdac4)
[Subsystems] Discovering subsystems at path C:/Program Files/Unity/Hub/Editor/2021.3.30f1/Editor/Data/Resources/UnitySubsystems
[Subsystems] Discovering subsystems at path C:/Users/Rishi/OneDrive/Documents/GH-Rep/Final_GamesProject_24/Assets
GfxDevice: creating device client; threaded=0; jobified=0
Direct3D:
    Version:  Direct3D 11.0 [level 11.1]
    Renderer: NVIDIA GeForce RTX 3090 Ti (ID=0x2203)
    Vendor:   NVIDIA
    VRAM:     24327 MB
    Driver:   31.0.15.3667
Initialize mono
Mono path[0] = 'C:/Program Files/Unity/Hub/Editor/2021.3.30f1/Editor/Data/Managed'
Mono path[1] = 'C:/Program Files/Unity/Hub/Editor/2021.3.30f1/Editor/Data/MonoBleedingEdge/lib/mono/unityjit-win32'
Mono config path = 'C:/Program Files/Unity/Hub/Editor/2021.3.30f1/Editor/Data/MonoBleedingEdge/etc'
Using monoOptions --debugger-agent=transport=dt_socket,embedding=1,server=y,suspend=n,address=127.0.0.1:56920
Begin MonoManager ReloadAssembly
Registering precompiled unity dll's ...
Register platform support module: C:/Program Files/Unity/Hub/Editor/2021.3.30f1/Editor/Data/PlaybackEngines/WebGLSupport/UnityEditor.WebGL.Extensions.dll
Register platform support module: C:/Program Files/Unity/Hub/Editor/2021.3.30f1/Editor/Data/PlaybackEngines/WindowsStandaloneSupport/UnityEditor.WindowsStandalone.Extensions.dll
Register platform support module: C:/Program Files/Unity/Hub/Editor/2021.3.30f1/Editor/Data/PlaybackEngines/MetroSupport/UnityEditor.UWP.Extensions.dll
Registered in 0.011131 seconds.
Native extension for UWP target not found
Native extension for WindowsStandalone target not found
Native extension for WebGL target not found
Refreshing native plugins compatible for Editor in 72.62 ms, found 3 plugins.
Preloading 0 native plugins for Editor in 0.00 ms.
Mono: successfully reloaded assembly
- Completed reload, in  0.646 seconds
Domain Reload Profiling:
	ReloadAssembly (647ms)
		BeginReloadAssembly (99ms)
			ExecutionOrderSort (0ms)
			DisableScriptedObjects (0ms)
			BackupInstance (0ms)
			ReleaseScriptingObjects (0ms)
			CreateAndSetChildDomain (1ms)
		EndReloadAssembly (440ms)
			LoadAssemblies (97ms)
			RebuildTransferFunctionScriptingTraits (0ms)
			SetupTypeCache (99ms)
			ReleaseScriptCaches (0ms)
			RebuildScriptCaches (26ms)
			SetupLoadedEditorAssemblies (272ms)
				LogAssemblyErrors (0ms)
				InitializePlatformSupportModulesInManaged (12ms)
				SetLoadedEditorAssemblies (0ms)
				RefreshPlugins (73ms)
				BeforeProcessingInitializeOnLoad (1ms)
				ProcessInitializeOnLoadAttributes (139ms)
				ProcessInitializeOnLoadMethodAttributes (46ms)
				AfterProcessingInitializeOnLoad (0ms)
				EditorAssembliesLoaded (0ms)
			ExecutionOrderSort2 (0ms)
			AwakeInstancesAfterBackupRestoration (0ms)
Platform modules already initialized, skipping
Registering precompiled user dll's ...
Registered in 0.005403 seconds.
Begin MonoManager ReloadAssembly
Native extension for UWP target not found
Native extension for WindowsStandalone target not found
Native extension for WebGL target not found
Refreshing native plugins compatible for Editor in 0.55 ms, found 3 plugins.
Preloading 0 native plugins for Editor in 0.00 ms.
Package Manager log level set to [2]
[Package Manager] Server::EnsureServerProcessIsRunning -- launch failed, reason: Unity was launched with the -noUpm command-line argument
[Package Manager] Cannot connect to Unity Package Manager local server
Mono: successfully reloaded assembly
- Completed reload, in  1.429 seconds
Domain Reload Profiling:
	ReloadAssembly (1430ms)
		BeginReloadAssembly (110ms)
			ExecutionOrderSort (0ms)
			DisableScriptedObjects (6ms)
			BackupInstance (0ms)
			ReleaseScriptingObjects (0ms)
			CreateAndSetChildDomain (14ms)
		EndReloadAssembly (1216ms)
			LoadAssemblies (83ms)
			RebuildTransferFunctionScriptingTraits (0ms)
			SetupTypeCache (257ms)
			ReleaseScriptCaches (0ms)
			RebuildScriptCaches (55ms)
			SetupLoadedEditorAssemblies (784ms)
				LogAssemblyErrors (0ms)
				InitializePlatformSupportModulesInManaged (10ms)
				SetLoadedEditorAssemblies (1ms)
				RefreshPlugins (1ms)
				BeforeProcessingInitializeOnLoad (91ms)
				ProcessInitializeOnLoadAttributes (650ms)
				ProcessInitializeOnLoadMethodAttributes (20ms)
				AfterProcessingInitializeOnLoad (11ms)
				EditorAssembliesLoaded (0ms)
			ExecutionOrderSort2 (0ms)
			AwakeInstancesAfterBackupRestoration (7ms)
Platform modules already initialized, skipping
========================================================================
Worker process is ready to serve import requests
Launched and connected shader compiler UnityShaderCompiler.exe after 0.03 seconds
Refreshing native plugins compatible for Editor in 0.49 ms, found 3 plugins.
Preloading 0 native plugins for Editor in 0.00 ms.
Unloading 3513 Unused Serialized files (Serialized files now loaded: 0)
Unloading 23 unused Assets / (108.7 KB). Loaded Objects now: 3975.
Memory consumption went from 130.0 MB to 129.9 MB.
Total: 1.737200 ms (FindLiveObjects: 0.184600 ms CreateObjectMapping: 0.068400 ms MarkObjects: 1.415900 ms  DeleteObjects: 0.067400 ms)

AssetImportParameters requested are different than current active one (requested -> active):
  custom:video-decoder-ogg-theora: a1e56fd34408186e4bbccfd4996cb3dc -> 
  custom:container-muxer-webm: aa71ff27fc2769a1b78a27578f13a17b -> 
  custom:container-demuxer-webm: 4f35f7cbe854078d1ac9338744f61a02 -> 
  custom:video-encoder-webm-vp8: eb34c28f22e8b96e1ab97ce403110664 -> 
  custom:CustomObjectIndexerAttribute: bc11b3a6c3213fcdd17b65e7da85e133 -> 
  custom:audio-encoder-webm-vorbis: bf7c407c2cedff20999df2af8eb42d56 -> 
  custom:framework-win-MediaFoundation: 216162199b28c13a410421893ffa2e32 -> 
  custom:SearchIndexIgnoredProperties: e643bd26f0fe6173181afceb89e7c659 -> 
  custom:container-demuxer-ogg: 62fdf1f143b41e24485cea50d1cbac27 -> 
  custom:video-decoder-webm-vp8: 9c59270c3fd7afecdb556c50c9e8de78 -> 
  custom:audio-decoder-ogg-vorbis: bf7c407c2cedff20999df2af8eb42d56 -> 
========================================================================
Received Import Request.
  Time since last request: 389973.536627 seconds.
  path: Assets/Materials/Player_mat.mat
  artifactKey: Guid(eacccc6c33175a04e8eac14b08abf9dc) Importer(815301076,1909f56bfc062723c751e8b465ee728b)
Number of updated assets reloaded before import = 0
Start importing Assets/Materials/Player_mat.mat using Guid(eacccc6c33175a04e8eac14b08abf9dc) Importer(815301076,1909f56bfc062723c751e8b465ee728b)  -> (artifact id: 'c58da791f5f05717565c6555e9a6a8a6') in 0.135960 seconds 
Number of asset objects unloaded after import = 1
========================================================================
Received Import Request.
  Time since last request: 8.937103 seconds.
  path: Assets/SwapLevel/Sci-Fi Texture Pack 1/Materials/Texture_1_Diffuse.mat
  artifactKey: Guid(6dd78394d3318ad4690ec5deafff71ac) Importer(815301076,1909f56bfc062723c751e8b465ee728b)
Number of updated assets reloaded before import = 0
Start importing Assets/SwapLevel/Sci-Fi Texture Pack 1/Materials/Texture_1_Diffuse.mat using Guid(6dd78394d3318ad4690ec5deafff71ac) Importer(815301076,1909f56bfc062723c751e8b465ee728b)  -> (artifact id: '128048a558f255b6ea25f7183364ee1d') in 0.033740 seconds 
Number of asset objects unloaded after import = 2
========================================================================
Received Import Request.
  Time since last request: 0.000017 seconds.
  path: Assets/SwapLevel/Sci-Fi Texture Pack 1/Materials/Texture_5_Specular.mat
  artifactKey: Guid(a880642bc524161419679f8c72a7fb6a) Importer(815301076,1909f56bfc062723c751e8b465ee728b)
Number of updated assets reloaded before import = 0
Start importing Assets/SwapLevel/Sci-Fi Texture Pack 1/Materials/Texture_5_Specular.mat using Guid(a880642bc524161419679f8c72a7fb6a) Importer(815301076,1909f56bfc062723c751e8b465ee728b)  -> (artifact id: '911e43d47729c20e06613de09a01a9f8') in 0.051364 seconds 
Number of asset objects unloaded after import = 2
========================================================================
Received Import Request.
  Time since last request: 0.000016 seconds.
  path: Assets/SwapLevel/Sci-Fi Texture Pack 1/Materials/Texture_1_Specular.mat
  artifactKey: Guid(364d09cef4f956b449426655f4d3291e) Importer(815301076,1909f56bfc062723c751e8b465ee728b)
Number of updated assets reloaded before import = 0
Start importing Assets/SwapLevel/Sci-Fi Texture Pack 1/Materials/Texture_1_Specular.mat using Guid(364d09cef4f956b449426655f4d3291e) Importer(815301076,1909f56bfc062723c751e8b465ee728b)  -> (artifact id: 'd194b87b91e731e29551b59ab40cdd9f') in 0.070733 seconds 
Number of asset objects unloaded after import = 2
========================================================================
Received Import Request.
  Time since last request: 0.000017 seconds.
  path: Assets/SwapLevel/Sci-Fi Texture Pack 1/Materials/Texture_4_Diffuse.mat
  artifactKey: Guid(cd7d6e75f4350d147af33996a28d1864) Importer(815301076,1909f56bfc062723c751e8b465ee728b)
Number of updated assets reloaded before import = 0
Start importing Assets/SwapLevel/Sci-Fi Texture Pack 1/Materials/Texture_4_Diffuse.mat using Guid(cd7d6e75f4350d147af33996a28d1864) Importer(815301076,1909f56bfc062723c751e8b465ee728b)  -> (artifact id: '67e6fdcbdc6e5ffe0587b82940c8b9e0') in 0.030164 seconds 
Number of asset objects unloaded after import = 3
========================================================================
Received Import Request.
  Time since last request: 0.000018 seconds.
  path: Assets/SwapLevel/Sci-Fi Texture Pack 1/Materials/Texture_4_Diffuse 4.mat
  artifactKey: Guid(45d28a87954da014293201e11dec241b) Importer(815301076,1909f56bfc062723c751e8b465ee728b)
Number of updated assets reloaded before import = 0
Start importing Assets/SwapLevel/Sci-Fi Texture Pack 1/Materials/Texture_4_Diffuse 4.mat using Guid(45d28a87954da014293201e11dec241b) Importer(815301076,1909f56bfc062723c751e8b465ee728b)  -> (artifact id: 'dda0578b87c49fbf91669b91706a8fcc') in 0.012929 seconds 
Number of asset objects unloaded after import = 2
========================================================================
Received Import Request.
  Time since last request: 0.000023 seconds.
  path: Assets/SwapLevel/Sci-Fi Texture Pack 1/Materials/Texture_3_Diffuse 1.mat
  artifactKey: Guid(bb93bc83448b13e459a5f65efaa12f6f) Importer(815301076,1909f56bfc062723c751e8b465ee728b)
Number of updated assets reloaded before import = 0
Start importing Assets/SwapLevel/Sci-Fi Texture Pack 1/Materials/Texture_3_Diffuse 1.mat using Guid(bb93bc83448b13e459a5f65efaa12f6f) Importer(815301076,1909f56bfc062723c751e8b465ee728b)  -> (artifact id: 'cccc26a8ba87637ce92eeb959dd7a031') in 0.012576 seconds 
Number of asset objects unloaded after import = 2
========================================================================
Received Import Request.
  Time since last request: 0.000017 seconds.
  path: Assets/SwapLevel/Sci-Fi Texture Pack 1/Materials/Texture_4_Diffuse 2.mat
  artifactKey: Guid(b986a51a25af65e4fab9e836860a422c) Importer(815301076,1909f56bfc062723c751e8b465ee728b)
Number of updated assets reloaded before import = 0
Start importing Assets/SwapLevel/Sci-Fi Texture Pack 1/Materials/Texture_4_Diffuse 2.mat using Guid(b986a51a25af65e4fab9e836860a422c) Importer(815301076,1909f56bfc062723c751e8b465ee728b)  -> (artifact id: '383e2a92a97aa7aa6b91a431d7ff0bca') in 0.012461 seconds 
Number of asset objects unloaded after import = 2
========================================================================
Received Import Request.
  Time since last request: 0.000014 seconds.
  path: Assets/SwapLevel/Sci-Fi Texture Pack 1/Materials/Texture_3.mat
  artifactKey: Guid(61d04e4673d5eee4db4b4a56100bc2bd) Importer(815301076,1909f56bfc062723c751e8b465ee728b)
Number of updated assets reloaded before import = 0
Start importing Assets/SwapLevel/Sci-Fi Texture Pack 1/Materials/Texture_3.mat using Guid(61d04e4673d5eee4db4b4a56100bc2bd) Importer(815301076,1909f56bfc062723c751e8b465ee728b)  -> (artifact id: '9376d11dc2815ae86bd5e933ba807f96') in 0.034482 seconds 
Number of asset objects unloaded after import = 5
========================================================================
Received Import Request.
  Time since last request: 0.000018 seconds.
  path: Assets/SwapLevel/Sci-Fi Texture Pack 1/Materials/Texture_2.mat
  artifactKey: Guid(9cf5e3868f435794fb6ac9092255642a) Importer(815301076,1909f56bfc062723c751e8b465ee728b)
Number of updated assets reloaded before import = 0
Start importing Assets/SwapLevel/Sci-Fi Texture Pack 1/Materials/Texture_2.mat using Guid(9cf5e3868f435794fb6ac9092255642a) Importer(815301076,1909f56bfc062723c751e8b465ee728b)  -> (artifact id: '00a00d12385ff6bbaf5b90f5e288e912') in 0.016959 seconds 
Number of asset objects unloaded after import = 4
Editor requested this worker to shutdown with reason: Scaling down because of idle timeout
AssetImportWorker is now disconnected from the server
Process exiting
Exiting without the bug reporter. Application will terminate with return code 0